<?xml version="1.0" encoding="UTF-8"?>
<coverage generated="1671120292994" clover="3.2.0">
  <project timestamp="1671120292995" name="All files">
    <metrics statements="73" coveredstatements="66" conditionals="16" coveredconditionals="14" methods="13" coveredmethods="8" elements="102" coveredelements="88" complexity="0" loc="73" ncloc="73" packages="4" files="5" classes="5"/>
    <package name="Controller.auth.controller">
      <metrics statements="28" coveredstatements="28" conditionals="12" coveredconditionals="12" methods="1" coveredmethods="1"/>
      <file name="findAll.controller.js" path="D:\Backup\Users\prani\OneDrive\Documents\coding c++\HTML CSS MS EXCEL javascript\HTML\Crm Application\Crm-test_app\Controller\auth.controller\findAll.controller.js">
        <metrics statements="28" coveredstatements="28" conditionals="12" coveredconditionals="12" methods="1" coveredmethods="1"/>
        <line num="1" count="1" type="stmt"/>
        <line num="2" count="1" type="stmt"/>
        <line num="6" count="1" type="stmt"/>
        <line num="7" count="11" type="stmt"/>
        <line num="8" count="11" type="stmt"/>
        <line num="9" count="11" type="stmt"/>
        <line num="11" count="11" type="cond" truecount="2" falsecount="0"/>
        <line num="12" count="1" type="stmt"/>
        <line num="13" count="1" type="stmt"/>
        <line num="19" count="1" type="stmt"/>
        <line num="23" count="10" type="cond" truecount="4" falsecount="0"/>
        <line num="24" count="2" type="stmt"/>
        <line num="25" count="2" type="stmt"/>
        <line num="30" count="1" type="stmt"/>
        <line num="34" count="8" type="cond" truecount="2" falsecount="0"/>
        <line num="35" count="2" type="stmt"/>
        <line num="36" count="2" type="stmt"/>
        <line num="40" count="1" type="stmt"/>
        <line num="44" count="6" type="cond" truecount="2" falsecount="0"/>
        <line num="45" count="2" type="stmt"/>
        <line num="46" count="2" type="stmt"/>
        <line num="50" count="1" type="stmt"/>
        <line num="55" count="4" type="stmt"/>
        <line num="56" count="4" type="stmt"/>
        <line num="58" count="1" type="stmt"/>
        <line num="64" count="11" type="cond" truecount="2" falsecount="0"/>
        <line num="65" count="9" type="stmt"/>
        <line num="67" count="2" type="stmt"/>
      </file>
    </package>
    <package name="Models">
      <metrics statements="5" coveredstatements="3" conditionals="0" coveredconditionals="0" methods="2" coveredmethods="0"/>
      <file name="user.model.js" path="D:\Backup\Users\prani\OneDrive\Documents\coding c++\HTML CSS MS EXCEL javascript\HTML\Crm Application\Crm-test_app\Models\user.model.js">
        <metrics statements="5" coveredstatements="3" conditionals="0" coveredconditionals="0" methods="2" coveredmethods="0"/>
        <line num="1" count="1" type="stmt"/>
        <line num="3" count="1" type="stmt"/>
        <line num="32" count="0" type="stmt"/>
        <line num="39" count="0" type="stmt"/>
        <line num="66" count="1" type="stmt"/>
      </file>
    </package>
    <package name="Utilis">
      <metrics statements="12" coveredstatements="7" conditionals="0" coveredconditionals="0" methods="5" coveredmethods="2"/>
      <file name="objectConverter.js" path="D:\Backup\Users\prani\OneDrive\Documents\coding c++\HTML CSS MS EXCEL javascript\HTML\Crm Application\Crm-test_app\Utilis\objectConverter.js">
        <metrics statements="12" coveredstatements="7" conditionals="0" coveredconditionals="0" methods="5" coveredmethods="2"/>
        <line num="1" count="1" type="stmt"/>
        <line num="3" count="9" type="stmt"/>
        <line num="4" count="9" type="stmt"/>
        <line num="5" count="9" type="stmt"/>
        <line num="13" count="9" type="stmt"/>
        <line num="17" count="1" type="stmt"/>
        <line num="18" count="0" type="stmt"/>
        <line num="31" count="1" type="stmt"/>
        <line num="32" count="0" type="stmt"/>
        <line num="33" count="0" type="stmt"/>
        <line num="34" count="0" type="stmt"/>
        <line num="46" count="0" type="stmt"/>
      </file>
    </package>
    <package name="tests">
      <metrics statements="28" coveredstatements="28" conditionals="4" coveredconditionals="2" methods="5" coveredmethods="5"/>
      <file name="db.js" path="D:\Backup\Users\prani\OneDrive\Documents\coding c++\HTML CSS MS EXCEL javascript\HTML\Crm Application\Crm-test_app\tests\db.js">
        <metrics statements="17" coveredstatements="17" conditionals="4" coveredconditionals="2" methods="3" coveredmethods="3"/>
        <line num="17" count="1" type="stmt"/>
        <line num="18" count="1" type="stmt"/>
        <line num="21" count="1" type="stmt"/>
        <line num="22" count="1" type="cond" truecount="1" falsecount="1"/>
        <line num="23" count="1" type="stmt"/>
        <line num="24" count="1" type="stmt"/>
        <line num="25" count="1" type="stmt"/>
        <line num="30" count="1" type="stmt"/>
        <line num="31" count="1" type="stmt"/>
        <line num="32" count="1" type="stmt"/>
        <line num="33" count="1" type="cond" truecount="1" falsecount="1"/>
        <line num="34" count="1" type="stmt"/>
        <line num="40" count="1" type="stmt"/>
        <line num="41" count="11" type="stmt"/>
        <line num="42" count="11" type="stmt"/>
        <line num="43" count="11" type="stmt"/>
        <line num="44" count="11" type="stmt"/>
      </file>
      <file name="interceptor.js" path="D:\Backup\Users\prani\OneDrive\Documents\coding c++\HTML CSS MS EXCEL javascript\HTML\Crm Application\Crm-test_app\tests\interceptor.js">
        <metrics statements="11" coveredstatements="11" conditionals="0" coveredconditionals="0" methods="2" coveredmethods="2"/>
        <line num="1" count="1" type="stmt"/>
        <line num="2" count="11" type="stmt"/>
        <line num="3" count="11" type="stmt"/>
        <line num="4" count="11" type="stmt"/>
        <line num="5" count="11" type="stmt"/>
        <line num="8" count="1" type="stmt"/>
        <line num="9" count="11" type="stmt"/>
        <line num="10" count="11" type="stmt"/>
        <line num="11" count="11" type="stmt"/>
        <line num="12" count="11" type="stmt"/>
        <line num="13" count="11" type="stmt"/>
      </file>
    </package>
  </project>
</coverage>
