{"D:\\Backup\\Users\\prani\\OneDrive\\Documents\\coding c++\\HTML CSS MS EXCEL javascript\\HTML\\Crm Application\\Crm-test_app\\Configs\\config.js": {"path":"D:\\Backup\\Users\\prani\\OneDrive\\Documents\\coding c++\\HTML CSS MS EXCEL javascript\\HTML\\Crm Application\\Crm-test_app\\Configs\\config.js","statementMap":{"0":{"start":{"line":1,"column":0},"end":{"line":1,"column":34}}},"fnMap":{},"branchMap":{},"s":{"0":1},"f":{},"b":{},"_coverageSchema":"1a1c01bbd47fc00a2c39e90264f33305004495a9","hash":"3cf7bc84c8f465abf39116ae4a611b62299e88b7"}
,"D:\\Backup\\Users\\prani\\OneDrive\\Documents\\coding c++\\HTML CSS MS EXCEL javascript\\HTML\\Crm Application\\Crm-test_app\\Controller\\auth.controller.js": {"path":"D:\\Backup\\Users\\prani\\OneDrive\\Documents\\coding c++\\HTML CSS MS EXCEL javascript\\HTML\\Crm Application\\Crm-test_app\\Controller\\auth.controller.js","statementMap":{"0":{"start":{"line":1,"column":13},"end":{"line":1,"column":44}},"1":{"start":{"line":2,"column":10},"end":{"line":2,"column":33}},"2":{"start":{"line":3,"column":13},"end":{"line":3,"column":30}},"3":{"start":{"line":4,"column":15},"end":{"line":4,"column":43}},"4":{"start":{"line":6,"column":0},"end":{"line":43,"column":1}},"5":{"start":{"line":7,"column":17},"end":{"line":7,"column":25}},"6":{"start":{"line":8,"column":21},"end":{"line":8,"column":34}},"7":{"start":{"line":9,"column":21},"end":{"line":9,"column":36}},"8":{"start":{"line":10,"column":4},"end":{"line":14,"column":5}},"9":{"start":{"line":11,"column":8},"end":{"line":11,"column":32}},"10":{"start":{"line":13,"column":8},"end":{"line":13,"column":31}},"11":{"start":{"line":16,"column":20},"end":{"line":23,"column":9}},"12":{"start":{"line":25,"column":4},"end":{"line":42,"column":5}},"13":{"start":{"line":26,"column":29},"end":{"line":26,"column":55}},"14":{"start":{"line":27,"column":25},"end":{"line":35,"column":9}},"15":{"start":{"line":36,"column":8},"end":{"line":36,"column":49}},"16":{"start":{"line":39,"column":8},"end":{"line":41,"column":10}},"17":{"start":{"line":45,"column":0},"end":{"line":91,"column":5}},"18":{"start":{"line":46,"column":21},"end":{"line":46,"column":29}},"19":{"start":{"line":47,"column":23},"end":{"line":47,"column":34}},"20":{"start":{"line":48,"column":25},"end":{"line":48,"column":38}},"21":{"start":{"line":50,"column":21},"end":{"line":50,"column":59}},"22":{"start":{"line":52,"column":8},"end":{"line":57,"column":9}},"23":{"start":{"line":53,"column":12},"end":{"line":55,"column":14}},"24":{"start":{"line":56,"column":12},"end":{"line":56,"column":19}},"25":{"start":{"line":59,"column":8},"end":{"line":64,"column":9}},"26":{"start":{"line":60,"column":12},"end":{"line":62,"column":14}},"27":{"start":{"line":63,"column":12},"end":{"line":63,"column":19}},"28":{"start":{"line":65,"column":28},"end":{"line":68,"column":13}},"29":{"start":{"line":70,"column":8},"end":{"line":75,"column":9}},"30":{"start":{"line":71,"column":12},"end":{"line":73,"column":14}},"31":{"start":{"line":74,"column":12},"end":{"line":74,"column":19}},"32":{"start":{"line":77,"column":20},"end":{"line":79,"column":10}},"33":{"start":{"line":81,"column":25},"end":{"line":88,"column":9}},"34":{"start":{"line":90,"column":8},"end":{"line":90,"column":39}}},"fnMap":{"0":{"name":"(anonymous_0)","decl":{"start":{"line":6,"column":17},"end":{"line":6,"column":18}},"loc":{"start":{"line":6,"column":36},"end":{"line":43,"column":1}},"line":6},"1":{"name":"(anonymous_1)","decl":{"start":{"line":45,"column":16},"end":{"line":45,"column":17}},"loc":{"start":{"line":45,"column":35},"end":{"line":91,"column":5}},"line":45}},"branchMap":{"0":{"loc":{"start":{"line":10,"column":4},"end":{"line":14,"column":5}},"type":"if","locations":[{"start":{"line":10,"column":4},"end":{"line":14,"column":5}},{"start":{"line":12,"column":11},"end":{"line":14,"column":5}}],"line":10},"1":{"loc":{"start":{"line":10,"column":8},"end":{"line":10,"column":53}},"type":"binary-expr","locations":[{"start":{"line":10,"column":8},"end":{"line":10,"column":30}},{"start":{"line":10,"column":34},"end":{"line":10,"column":53}}],"line":10},"2":{"loc":{"start":{"line":52,"column":8},"end":{"line":57,"column":9}},"type":"if","locations":[{"start":{"line":52,"column":8},"end":{"line":57,"column":9}},{"start":{},"end":{}}],"line":52},"3":{"loc":{"start":{"line":59,"column":8},"end":{"line":64,"column":9}},"type":"if","locations":[{"start":{"line":59,"column":8},"end":{"line":64,"column":9}},{"start":{},"end":{}}],"line":59},"4":{"loc":{"start":{"line":70,"column":8},"end":{"line":75,"column":9}},"type":"if","locations":[{"start":{"line":70,"column":8},"end":{"line":75,"column":9}},{"start":{},"end":{}}],"line":70}},"s":{"0":1,"1":1,"2":1,"3":1,"4":1,"5":0,"6":0,"7":0,"8":0,"9":0,"10":0,"11":0,"12":0,"13":0,"14":0,"15":0,"16":0,"17":1,"18":1,"19":1,"20":1,"21":1,"22":1,"23":0,"24":0,"25":1,"26":1,"27":1,"28":0,"29":0,"30":0,"31":0,"32":0,"33":0,"34":0},"f":{"0":0,"1":1},"b":{"0":[0,0],"1":[0,0],"2":[0,1],"3":[1,0],"4":[0,0]},"_coverageSchema":"1a1c01bbd47fc00a2c39e90264f33305004495a9","hash":"8964773398fabccb284ab488186460f61a02a628"}
,"D:\\Backup\\Users\\prani\\OneDrive\\Documents\\coding c++\\HTML CSS MS EXCEL javascript\\HTML\\Crm Application\\Crm-test_app\\Controller\\findAll.controller.js": {"path":"D:\\Backup\\Users\\prani\\OneDrive\\Documents\\coding c++\\HTML CSS MS EXCEL javascript\\HTML\\Crm Application\\Crm-test_app\\Controller\\findAll.controller.js","statementMap":{"0":{"start":{"line":1,"column":13},"end":{"line":1,"column":44}},"1":{"start":{"line":2,"column":24},"end":{"line":2,"column":60}},"2":{"start":{"line":6,"column":0},"end":{"line":70,"column":1}},"3":{"start":{"line":7,"column":22},"end":{"line":7,"column":43}},"4":{"start":{"line":8,"column":24},"end":{"line":8,"column":47}},"5":{"start":{"line":9,"column":21},"end":{"line":9,"column":37}},"6":{"start":{"line":11,"column":4},"end":{"line":62,"column":5}},"7":{"start":{"line":12,"column":8},"end":{"line":22,"column":9}},"8":{"start":{"line":13,"column":12},"end":{"line":15,"column":22}},"9":{"start":{"line":19,"column":12},"end":{"line":21,"column":14}},"10":{"start":{"line":23,"column":11},"end":{"line":62,"column":5}},"11":{"start":{"line":24,"column":8},"end":{"line":33,"column":9}},"12":{"start":{"line":25,"column":12},"end":{"line":28,"column":22}},"13":{"start":{"line":30,"column":12},"end":{"line":32,"column":14}},"14":{"start":{"line":34,"column":11},"end":{"line":62,"column":5}},"15":{"start":{"line":35,"column":8},"end":{"line":43,"column":9}},"16":{"start":{"line":36,"column":12},"end":{"line":38,"column":22}},"17":{"start":{"line":40,"column":12},"end":{"line":42,"column":14}},"18":{"start":{"line":44,"column":11},"end":{"line":62,"column":5}},"19":{"start":{"line":45,"column":8},"end":{"line":53,"column":9}},"20":{"start":{"line":46,"column":12},"end":{"line":48,"column":22}},"21":{"start":{"line":50,"column":12},"end":{"line":52,"column":14}},"22":{"start":{"line":55,"column":8},"end":{"line":61,"column":9}},"23":{"start":{"line":56,"column":12},"end":{"line":56,"column":45}},"24":{"start":{"line":58,"column":12},"end":{"line":60,"column":14}},"25":{"start":{"line":63,"column":4},"end":{"line":69,"column":5}},"26":{"start":{"line":64,"column":8},"end":{"line":64,"column":65}},"27":{"start":{"line":66,"column":8},"end":{"line":68,"column":10}}},"fnMap":{"0":{"name":"(anonymous_0)","decl":{"start":{"line":6,"column":18},"end":{"line":6,"column":19}},"loc":{"start":{"line":6,"column":37},"end":{"line":70,"column":1}},"line":6}},"branchMap":{"0":{"loc":{"start":{"line":11,"column":4},"end":{"line":62,"column":5}},"type":"if","locations":[{"start":{"line":11,"column":4},"end":{"line":62,"column":5}},{"start":{"line":23,"column":11},"end":{"line":62,"column":5}}],"line":11},"1":{"loc":{"start":{"line":23,"column":11},"end":{"line":62,"column":5}},"type":"if","locations":[{"start":{"line":23,"column":11},"end":{"line":62,"column":5}},{"start":{"line":34,"column":11},"end":{"line":62,"column":5}}],"line":23},"2":{"loc":{"start":{"line":34,"column":11},"end":{"line":62,"column":5}},"type":"if","locations":[{"start":{"line":34,"column":11},"end":{"line":62,"column":5}},{"start":{"line":44,"column":11},"end":{"line":62,"column":5}}],"line":34},"3":{"loc":{"start":{"line":44,"column":11},"end":{"line":62,"column":5}},"type":"if","locations":[{"start":{"line":44,"column":11},"end":{"line":62,"column":5}},{"start":{"line":54,"column":11},"end":{"line":62,"column":5}}],"line":44},"4":{"loc":{"start":{"line":63,"column":4},"end":{"line":69,"column":5}},"type":"if","locations":[{"start":{"line":63,"column":4},"end":{"line":69,"column":5}},{"start":{"line":65,"column":11},"end":{"line":69,"column":5}}],"line":63}},"s":{"0":1,"1":1,"2":1,"3":0,"4":0,"5":0,"6":0,"7":0,"8":0,"9":0,"10":0,"11":0,"12":0,"13":0,"14":0,"15":0,"16":0,"17":0,"18":0,"19":0,"20":0,"21":0,"22":0,"23":0,"24":0,"25":0,"26":0,"27":0},"f":{"0":0},"b":{"0":[0,0],"1":[0,0],"2":[0,0],"3":[0,0],"4":[0,0]},"_coverageSchema":"1a1c01bbd47fc00a2c39e90264f33305004495a9","hash":"81f179f341e5eaa52d4610be29c2de4f4c611981"}
,"D:\\Backup\\Users\\prani\\OneDrive\\Documents\\coding c++\\HTML CSS MS EXCEL javascript\\HTML\\Crm Application\\Crm-test_app\\Controller\\findById.controller.js": {"path":"D:\\Backup\\Users\\prani\\OneDrive\\Documents\\coding c++\\HTML CSS MS EXCEL javascript\\HTML\\Crm Application\\Crm-test_app\\Controller\\findById.controller.js","statementMap":{"0":{"start":{"line":1,"column":13},"end":{"line":1,"column":44}},"1":{"start":{"line":2,"column":24},"end":{"line":2,"column":60}},"2":{"start":{"line":4,"column":0},"end":{"line":22,"column":1}},"3":{"start":{"line":5,"column":19},"end":{"line":5,"column":36}},"4":{"start":{"line":6,"column":4},"end":{"line":21,"column":5}},"5":{"start":{"line":7,"column":22},"end":{"line":9,"column":17}},"6":{"start":{"line":10,"column":8},"end":{"line":16,"column":9}},"7":{"start":{"line":11,"column":12},"end":{"line":11,"column":69}},"8":{"start":{"line":13,"column":12},"end":{"line":15,"column":14}},"9":{"start":{"line":18,"column":8},"end":{"line":20,"column":10}}},"fnMap":{"0":{"name":"(anonymous_0)","decl":{"start":{"line":4,"column":19},"end":{"line":4,"column":20}},"loc":{"start":{"line":4,"column":38},"end":{"line":22,"column":1}},"line":4}},"branchMap":{"0":{"loc":{"start":{"line":10,"column":8},"end":{"line":16,"column":9}},"type":"if","locations":[{"start":{"line":10,"column":8},"end":{"line":16,"column":9}},{"start":{"line":12,"column":15},"end":{"line":16,"column":9}}],"line":10}},"s":{"0":1,"1":1,"2":1,"3":1,"4":1,"5":1,"6":1,"7":0,"8":1,"9":0},"f":{"0":1},"b":{"0":[0,1]},"_coverageSchema":"1a1c01bbd47fc00a2c39e90264f33305004495a9","hash":"9c8404450c5d97efdd3635c5a9e28a116c916fd0"}
,"D:\\Backup\\Users\\prani\\OneDrive\\Documents\\coding c++\\HTML CSS MS EXCEL javascript\\HTML\\Crm Application\\Crm-test_app\\Controller\\update.controller.js": {"path":"D:\\Backup\\Users\\prani\\OneDrive\\Documents\\coding c++\\HTML CSS MS EXCEL javascript\\HTML\\Crm Application\\Crm-test_app\\Controller\\update.controller.js","statementMap":{"0":{"start":{"line":1,"column":13},"end":{"line":1,"column":44}},"1":{"start":{"line":4,"column":0},"end":{"line":23,"column":1}},"2":{"start":{"line":5,"column":19},"end":{"line":5,"column":36}},"3":{"start":{"line":6,"column":4},"end":{"line":21,"column":5}},"4":{"start":{"line":7,"column":22},"end":{"line":13,"column":17}},"5":{"start":{"line":14,"column":8},"end":{"line":16,"column":10}},"6":{"start":{"line":18,"column":8},"end":{"line":20,"column":11}}},"fnMap":{"0":{"name":"(anonymous_0)","decl":{"start":{"line":4,"column":17},"end":{"line":4,"column":18}},"loc":{"start":{"line":4,"column":36},"end":{"line":23,"column":1}},"line":4}},"branchMap":{},"s":{"0":1,"1":1,"2":0,"3":0,"4":0,"5":0,"6":0},"f":{"0":0},"b":{},"_coverageSchema":"1a1c01bbd47fc00a2c39e90264f33305004495a9","hash":"20f64a2c9e19c7f53ef9ab765900daa31f8ea26a"}
,"D:\\Backup\\Users\\prani\\OneDrive\\Documents\\coding c++\\HTML CSS MS EXCEL javascript\\HTML\\Crm Application\\Crm-test_app\\Models\\user.model.js": {"path":"D:\\Backup\\Users\\prani\\OneDrive\\Documents\\coding c++\\HTML CSS MS EXCEL javascript\\HTML\\Crm Application\\Crm-test_app\\Models\\user.model.js","statementMap":{"0":{"start":{"line":1,"column":17},"end":{"line":1,"column":36}},"1":{"start":{"line":3,"column":13},"end":{"line":64,"column":2}},"2":{"start":{"line":32,"column":12},"end":{"line":32,"column":29}},"3":{"start":{"line":39,"column":12},"end":{"line":39,"column":29}},"4":{"start":{"line":66,"column":0},"end":{"line":66,"column":46}}},"fnMap":{"0":{"name":"(anonymous_0)","decl":{"start":{"line":31,"column":17},"end":{"line":31,"column":18}},"loc":{"start":{"line":31,"column":23},"end":{"line":33,"column":9}},"line":31},"1":{"name":"(anonymous_1)","decl":{"start":{"line":38,"column":17},"end":{"line":38,"column":18}},"loc":{"start":{"line":38,"column":23},"end":{"line":40,"column":9}},"line":38}},"branchMap":{},"s":{"0":4,"1":4,"2":0,"3":0,"4":4},"f":{"0":0,"1":0},"b":{},"_coverageSchema":"1a1c01bbd47fc00a2c39e90264f33305004495a9","hash":"f7c1981f8ae8bc516eb7cfa379c5237de05c17fd"}
,"D:\\Backup\\Users\\prani\\OneDrive\\Documents\\coding c++\\HTML CSS MS EXCEL javascript\\HTML\\Crm Application\\Crm-test_app\\Utilis\\objectConverter.js": {"path":"D:\\Backup\\Users\\prani\\OneDrive\\Documents\\coding c++\\HTML CSS MS EXCEL javascript\\HTML\\Crm Application\\Crm-test_app\\Utilis\\objectConverter.js","statementMap":{"0":{"start":{"line":1,"column":0},"end":{"line":15,"column":1}},"1":{"start":{"line":3,"column":4},"end":{"line":3,"column":21}},"2":{"start":{"line":4,"column":4},"end":{"line":12,"column":7}},"3":{"start":{"line":5,"column":8},"end":{"line":11,"column":11}},"4":{"start":{"line":13,"column":4},"end":{"line":13,"column":23}},"5":{"start":{"line":17,"column":0},"end":{"line":29,"column":1}},"6":{"start":{"line":18,"column":4},"end":{"line":28,"column":5}},"7":{"start":{"line":31,"column":0},"end":{"line":47,"column":1}},"8":{"start":{"line":32,"column":23},"end":{"line":32,"column":25}},"9":{"start":{"line":33,"column":4},"end":{"line":45,"column":6}},"10":{"start":{"line":34,"column":8},"end":{"line":44,"column":10}},"11":{"start":{"line":46,"column":4},"end":{"line":46,"column":24}}},"fnMap":{"0":{"name":"(anonymous_0)","decl":{"start":{"line":1,"column":23},"end":{"line":1,"column":24}},"loc":{"start":{"line":1,"column":34},"end":{"line":15,"column":1}},"line":1},"1":{"name":"(anonymous_1)","decl":{"start":{"line":4,"column":18},"end":{"line":4,"column":19}},"loc":{"start":{"line":4,"column":26},"end":{"line":12,"column":5}},"line":4},"2":{"name":"(anonymous_2)","decl":{"start":{"line":17,"column":26},"end":{"line":17,"column":27}},"loc":{"start":{"line":17,"column":38},"end":{"line":29,"column":1}},"line":17},"3":{"name":"(anonymous_3)","decl":{"start":{"line":31,"column":30},"end":{"line":31,"column":31}},"loc":{"start":{"line":31,"column":43},"end":{"line":47,"column":1}},"line":31},"4":{"name":"(anonymous_4)","decl":{"start":{"line":33,"column":20},"end":{"line":33,"column":21}},"loc":{"start":{"line":33,"column":30},"end":{"line":45,"column":5}},"line":33}},"branchMap":{},"s":{"0":2,"1":0,"2":0,"3":0,"4":0,"5":2,"6":0,"7":2,"8":0,"9":0,"10":0,"11":0},"f":{"0":0,"1":0,"2":0,"3":0,"4":0},"b":{},"_coverageSchema":"1a1c01bbd47fc00a2c39e90264f33305004495a9","hash":"5e73fd59e8ddba8e1b68bcc246b0b52fd6ef938d"}
,"D:\\Backup\\Users\\prani\\OneDrive\\Documents\\coding c++\\HTML CSS MS EXCEL javascript\\HTML\\Crm Application\\Crm-test_app\\tests\\db.js": {"path":"D:\\Backup\\Users\\prani\\OneDrive\\Documents\\coding c++\\HTML CSS MS EXCEL javascript\\HTML\\Crm Application\\Crm-test_app\\tests\\db.js","statementMap":{"0":{"start":{"line":17,"column":17},"end":{"line":17,"column":36}},"1":{"start":{"line":18,"column":30},"end":{"line":18,"column":62}},"2":{"start":{"line":21,"column":0},"end":{"line":27,"column":1}},"3":{"start":{"line":22,"column":4},"end":{"line":26,"column":5}},"4":{"start":{"line":23,"column":8},"end":{"line":23,"column":51}},"5":{"start":{"line":24,"column":20},"end":{"line":24,"column":36}},"6":{"start":{"line":25,"column":8},"end":{"line":25,"column":36}},"7":{"start":{"line":30,"column":0},"end":{"line":36,"column":1}},"8":{"start":{"line":31,"column":4},"end":{"line":31,"column":45}},"9":{"start":{"line":32,"column":4},"end":{"line":32,"column":38}},"10":{"start":{"line":33,"column":4},"end":{"line":35,"column":5}},"11":{"start":{"line":34,"column":8},"end":{"line":34,"column":29}},"12":{"start":{"line":40,"column":0},"end":{"line":46,"column":1}},"13":{"start":{"line":41,"column":24},"end":{"line":41,"column":55}},"14":{"start":{"line":42,"column":4},"end":{"line":45,"column":5}},"15":{"start":{"line":43,"column":25},"end":{"line":43,"column":41}},"16":{"start":{"line":44,"column":8},"end":{"line":44,"column":38}}},"fnMap":{"0":{"name":"(anonymous_0)","decl":{"start":{"line":21,"column":18},"end":{"line":21,"column":19}},"loc":{"start":{"line":21,"column":29},"end":{"line":27,"column":1}},"line":21},"1":{"name":"(anonymous_1)","decl":{"start":{"line":30,"column":24},"end":{"line":30,"column":25}},"loc":{"start":{"line":30,"column":35},"end":{"line":36,"column":1}},"line":30},"2":{"name":"(anonymous_2)","decl":{"start":{"line":40,"column":24},"end":{"line":40,"column":25}},"loc":{"start":{"line":40,"column":35},"end":{"line":46,"column":1}},"line":40}},"branchMap":{"0":{"loc":{"start":{"line":22,"column":4},"end":{"line":26,"column":5}},"type":"if","locations":[{"start":{"line":22,"column":4},"end":{"line":26,"column":5}},{"start":{},"end":{}}],"line":22},"1":{"loc":{"start":{"line":33,"column":4},"end":{"line":35,"column":5}},"type":"if","locations":[{"start":{"line":33,"column":4},"end":{"line":35,"column":5}},{"start":{},"end":{}}],"line":33}},"s":{"0":4,"1":4,"2":4,"3":2,"4":2,"5":2,"6":2,"7":4,"8":2,"9":2,"10":2,"11":2,"12":4,"13":2,"14":2,"15":2,"16":2},"f":{"0":2,"1":2,"2":2},"b":{"0":[2,0],"1":[2,0]},"_coverageSchema":"1a1c01bbd47fc00a2c39e90264f33305004495a9","hash":"a274d4d3cfb67b7ab530adafa8060631b0914fcd"}
,"D:\\Backup\\Users\\prani\\OneDrive\\Documents\\coding c++\\HTML CSS MS EXCEL javascript\\HTML\\Crm Application\\Crm-test_app\\tests\\interceptor.js": {"path":"D:\\Backup\\Users\\prani\\OneDrive\\Documents\\coding c++\\HTML CSS MS EXCEL javascript\\HTML\\Crm Application\\Crm-test_app\\tests\\interceptor.js","statementMap":{"0":{"start":{"line":1,"column":0},"end":{"line":6,"column":1}},"1":{"start":{"line":2,"column":16},"end":{"line":2,"column":18}},"2":{"start":{"line":3,"column":4},"end":{"line":3,"column":46}},"3":{"start":{"line":4,"column":4},"end":{"line":4,"column":48}},"4":{"start":{"line":5,"column":4},"end":{"line":5,"column":15}},"5":{"start":{"line":8,"column":0},"end":{"line":14,"column":1}},"6":{"start":{"line":9,"column":16},"end":{"line":9,"column":18}},"7":{"start":{"line":10,"column":4},"end":{"line":10,"column":48}},"8":{"start":{"line":11,"column":4},"end":{"line":11,"column":46}},"9":{"start":{"line":12,"column":4},"end":{"line":12,"column":46}},"10":{"start":{"line":13,"column":4},"end":{"line":13,"column":15}}},"fnMap":{"0":{"name":"(anonymous_0)","decl":{"start":{"line":1,"column":22},"end":{"line":1,"column":23}},"loc":{"start":{"line":1,"column":28},"end":{"line":6,"column":1}},"line":1},"1":{"name":"(anonymous_1)","decl":{"start":{"line":8,"column":23},"end":{"line":8,"column":24}},"loc":{"start":{"line":8,"column":29},"end":{"line":14,"column":1}},"line":8}},"branchMap":{},"s":{"0":4,"1":2,"2":2,"3":2,"4":2,"5":4,"6":2,"7":2,"8":2,"9":2,"10":2},"f":{"0":2,"1":2},"b":{},"_coverageSchema":"1a1c01bbd47fc00a2c39e90264f33305004495a9","hash":"89e7738cb3d525d9b076126175e321a11ebd9334"}
}
