{"D:\\Backup\\Users\\prani\\OneDrive\\Documents\\coding c++\\HTML CSS MS EXCEL javascript\\HTML\\Crm Application\\Crm-test_app\\server.js": {"path":"D:\\Backup\\Users\\prani\\OneDrive\\Documents\\coding c++\\HTML CSS MS EXCEL javascript\\HTML\\Crm Application\\Crm-test_app\\server.js","statementMap":{},"fnMap":{},"branchMap":{},"s":{},"f":{},"b":{},"_coverageSchema":"1a1c01bbd47fc00a2c39e90264f33305004495a9","hash":"98d1efa2359f3de9ee1ea0ff751fa1aa94b71508"}
,"D:\\Backup\\Users\\prani\\OneDrive\\Documents\\coding c++\\HTML CSS MS EXCEL javascript\\HTML\\Crm Application\\Crm-test_app\\Configs\\config.js": {"path":"D:\\Backup\\Users\\prani\\OneDrive\\Documents\\coding c++\\HTML CSS MS EXCEL javascript\\HTML\\Crm Application\\Crm-test_app\\Configs\\config.js","statementMap":{"0":{"start":{"line":1,"column":0},"end":{"line":1,"column":34}}},"fnMap":{},"branchMap":{},"s":{"0":1},"f":{},"b":{},"_coverageSchema":"1a1c01bbd47fc00a2c39e90264f33305004495a9","hash":"3cf7bc84c8f465abf39116ae4a611b62299e88b7"}
,"D:\\Backup\\Users\\prani\\OneDrive\\Documents\\coding c++\\HTML CSS MS EXCEL javascript\\HTML\\Crm Application\\Crm-test_app\\Models\\user.model.js": {"path":"D:\\Backup\\Users\\prani\\OneDrive\\Documents\\coding c++\\HTML CSS MS EXCEL javascript\\HTML\\Crm Application\\Crm-test_app\\Models\\user.model.js","statementMap":{"0":{"start":{"line":1,"column":17},"end":{"line":1,"column":36}},"1":{"start":{"line":3,"column":13},"end":{"line":64,"column":2}},"2":{"start":{"line":32,"column":12},"end":{"line":32,"column":29}},"3":{"start":{"line":39,"column":12},"end":{"line":39,"column":29}},"4":{"start":{"line":66,"column":0},"end":{"line":66,"column":46}}},"fnMap":{"0":{"name":"(anonymous_0)","decl":{"start":{"line":31,"column":17},"end":{"line":31,"column":18}},"loc":{"start":{"line":31,"column":23},"end":{"line":33,"column":9}},"line":31},"1":{"name":"(anonymous_1)","decl":{"start":{"line":38,"column":17},"end":{"line":38,"column":18}},"loc":{"start":{"line":38,"column":23},"end":{"line":40,"column":9}},"line":38}},"branchMap":{},"s":{"0":1,"1":1,"2":0,"3":0,"4":1},"f":{"0":0,"1":0},"b":{},"_coverageSchema":"1a1c01bbd47fc00a2c39e90264f33305004495a9","hash":"f7c1981f8ae8bc516eb7cfa379c5237de05c17fd"}
,"D:\\Backup\\Users\\prani\\OneDrive\\Documents\\coding c++\\HTML CSS MS EXCEL javascript\\HTML\\Crm Application\\Crm-test_app\\Utilis\\notificationClient.js": {"path":"D:\\Backup\\Users\\prani\\OneDrive\\Documents\\coding c++\\HTML CSS MS EXCEL javascript\\HTML\\Crm Application\\Crm-test_app\\Utilis\\notificationClient.js","statementMap":{"0":{"start":{"line":1,"column":15},"end":{"line":1,"column":49}},"1":{"start":{"line":3,"column":15},"end":{"line":3,"column":27}},"2":{"start":{"line":5,"column":0},"end":{"line":5,"column":24}},"3":{"start":{"line":8,"column":0},"end":{"line":33,"column":1}},"4":{"start":{"line":9,"column":24},"end":{"line":15,"column":5}},"5":{"start":{"line":17,"column":20},"end":{"line":19,"column":5}},"6":{"start":{"line":21,"column":17},"end":{"line":24,"column":5}},"7":{"start":{"line":26,"column":4},"end":{"line":32,"column":6}},"8":{"start":{"line":27,"column":8},"end":{"line":31,"column":9}},"9":{"start":{"line":28,"column":12},"end":{"line":28,"column":29}},"10":{"start":{"line":30,"column":12},"end":{"line":30,"column":30}}},"fnMap":{"0":{"name":"(anonymous_0)","decl":{"start":{"line":8,"column":20},"end":{"line":8,"column":21}},"loc":{"start":{"line":8,"column":80},"end":{"line":33,"column":1}},"line":8},"1":{"name":"(anonymous_1)","decl":{"start":{"line":26,"column":79},"end":{"line":26,"column":80}},"loc":{"start":{"line":26,"column":94},"end":{"line":32,"column":5}},"line":26}},"branchMap":{"0":{"loc":{"start":{"line":27,"column":8},"end":{"line":31,"column":9}},"type":"if","locations":[{"start":{"line":27,"column":8},"end":{"line":31,"column":9}},{"start":{"line":29,"column":15},"end":{"line":31,"column":9}}],"line":27}},"s":{"0":1,"1":1,"2":1,"3":1,"4":0,"5":0,"6":0,"7":0,"8":0,"9":0,"10":0},"f":{"0":0,"1":0},"b":{"0":[0,0]},"_coverageSchema":"1a1c01bbd47fc00a2c39e90264f33305004495a9","hash":"2e08c7f40c9012847c9a1813e6a5210180e71094"}
,"D:\\Backup\\Users\\prani\\OneDrive\\Documents\\coding c++\\HTML CSS MS EXCEL javascript\\HTML\\Crm Application\\Crm-test_app\\tests\\db.js": {"path":"D:\\Backup\\Users\\prani\\OneDrive\\Documents\\coding c++\\HTML CSS MS EXCEL javascript\\HTML\\Crm Application\\Crm-test_app\\tests\\db.js","statementMap":{"0":{"start":{"line":17,"column":17},"end":{"line":17,"column":36}},"1":{"start":{"line":18,"column":30},"end":{"line":18,"column":62}},"2":{"start":{"line":21,"column":0},"end":{"line":27,"column":1}},"3":{"start":{"line":22,"column":4},"end":{"line":26,"column":5}},"4":{"start":{"line":23,"column":8},"end":{"line":23,"column":51}},"5":{"start":{"line":24,"column":20},"end":{"line":24,"column":36}},"6":{"start":{"line":25,"column":8},"end":{"line":25,"column":36}},"7":{"start":{"line":30,"column":0},"end":{"line":36,"column":1}},"8":{"start":{"line":31,"column":4},"end":{"line":31,"column":45}},"9":{"start":{"line":32,"column":4},"end":{"line":32,"column":38}},"10":{"start":{"line":33,"column":4},"end":{"line":35,"column":5}},"11":{"start":{"line":34,"column":8},"end":{"line":34,"column":29}},"12":{"start":{"line":40,"column":0},"end":{"line":46,"column":1}},"13":{"start":{"line":41,"column":24},"end":{"line":41,"column":55}},"14":{"start":{"line":42,"column":4},"end":{"line":45,"column":5}},"15":{"start":{"line":43,"column":25},"end":{"line":43,"column":41}},"16":{"start":{"line":44,"column":8},"end":{"line":44,"column":38}}},"fnMap":{"0":{"name":"(anonymous_0)","decl":{"start":{"line":21,"column":18},"end":{"line":21,"column":19}},"loc":{"start":{"line":21,"column":29},"end":{"line":27,"column":1}},"line":21},"1":{"name":"(anonymous_1)","decl":{"start":{"line":30,"column":24},"end":{"line":30,"column":25}},"loc":{"start":{"line":30,"column":35},"end":{"line":36,"column":1}},"line":30},"2":{"name":"(anonymous_2)","decl":{"start":{"line":40,"column":24},"end":{"line":40,"column":25}},"loc":{"start":{"line":40,"column":35},"end":{"line":46,"column":1}},"line":40}},"branchMap":{"0":{"loc":{"start":{"line":22,"column":4},"end":{"line":26,"column":5}},"type":"if","locations":[{"start":{"line":22,"column":4},"end":{"line":26,"column":5}},{"start":{},"end":{}}],"line":22},"1":{"loc":{"start":{"line":33,"column":4},"end":{"line":35,"column":5}},"type":"if","locations":[{"start":{"line":33,"column":4},"end":{"line":35,"column":5}},{"start":{},"end":{}}],"line":33}},"s":{"0":1,"1":1,"2":1,"3":0,"4":0,"5":0,"6":0,"7":1,"8":1,"9":0,"10":0,"11":0,"12":1,"13":1,"14":1,"15":1,"16":1},"f":{"0":0,"1":1,"2":1},"b":{"0":[0,0],"1":[0,0]},"_coverageSchema":"1a1c01bbd47fc00a2c39e90264f33305004495a9","hash":"a274d4d3cfb67b7ab530adafa8060631b0914fcd"}
}
