TN:
SF:Controller\auth.controller\findAll.controller.js
FN:6,(anonymous_0)
FNF:1
FNH:1
FNDA:11,(anonymous_0)
DA:1,1
DA:2,1
DA:6,1
DA:7,11
DA:8,11
DA:9,11
DA:11,11
DA:12,1
DA:13,1
DA:19,1
DA:23,10
DA:24,2
DA:25,2
DA:30,1
DA:34,8
DA:35,2
DA:36,2
DA:40,1
DA:44,6
DA:45,2
DA:46,2
DA:50,1
DA:55,4
DA:56,4
DA:58,1
DA:64,11
DA:65,9
DA:67,2
LF:28
LH:28
BRDA:11,0,0,1
BRDA:11,0,1,10
BRDA:23,1,0,2
BRDA:23,1,1,8
BRDA:23,2,0,10
BRDA:23,2,1,4
BRDA:34,3,0,2
BRDA:34,3,1,6
BRDA:44,4,0,2
BRDA:44,4,1,4
BRDA:64,5,0,9
BRDA:64,5,1,2
BRF:12
BRH:12
end_of_record
TN:
SF:Models\user.model.js
FN:31,(anonymous_0)
FN:38,(anonymous_1)
FNF:2
FNH:0
FNDA:0,(anonymous_0)
FNDA:0,(anonymous_1)
DA:1,1
DA:3,1
DA:32,0
DA:39,0
DA:66,1
LF:5
LH:3
BRF:0
BRH:0
end_of_record
TN:
SF:Utilis\objectConverter.js
FN:1,(anonymous_0)
FN:4,(anonymous_1)
FN:17,(anonymous_2)
FN:31,(anonymous_3)
FN:33,(anonymous_4)
FNF:5
FNH:2
FNDA:9,(anonymous_0)
FNDA:9,(anonymous_1)
FNDA:0,(anonymous_2)
FNDA:0,(anonymous_3)
FNDA:0,(anonymous_4)
DA:1,1
DA:3,9
DA:4,9
DA:5,9
DA:13,9
DA:17,1
DA:18,0
DA:31,1
DA:32,0
DA:33,0
DA:34,0
DA:46,0
LF:12
LH:7
BRF:0
BRH:0
end_of_record
TN:
SF:tests\db.js
FN:21,(anonymous_0)
FN:30,(anonymous_1)
FN:40,(anonymous_2)
FNF:3
FNH:3
FNDA:1,(anonymous_0)
FNDA:1,(anonymous_1)
FNDA:11,(anonymous_2)
DA:17,1
DA:18,1
DA:21,1
DA:22,1
DA:23,1
DA:24,1
DA:25,1
DA:30,1
DA:31,1
DA:32,1
DA:33,1
DA:34,1
DA:40,1
DA:41,11
DA:42,11
DA:43,11
DA:44,11
LF:17
LH:17
BRDA:22,0,0,1
BRDA:22,0,1,0
BRDA:33,1,0,1
BRDA:33,1,1,0
BRF:4
BRH:2
end_of_record
TN:
SF:tests\interceptor.js
FN:1,(anonymous_0)
FN:8,(anonymous_1)
FNF:2
FNH:2
FNDA:11,(anonymous_0)
FNDA:11,(anonymous_1)
DA:1,1
DA:2,11
DA:3,11
DA:4,11
DA:5,11
DA:8,1
DA:9,11
DA:10,11
DA:11,11
DA:12,11
DA:13,11
LF:11
LH:11
BRF:0
BRH:0
end_of_record
